2013/11/25 09:12:00 [error] [exception.CHttpException.403] exception 'CHttpException' with message 'You are not authorized to perform this action.' in D:\xampp\htdocs\yii\framework\web\auth\CAccessControlFilter.php:182
Stack trace:
#0 D:\xampp\htdocs\yii\framework\web\auth\CAccessControlFilter.php(145): CAccessControlFilter->accessDenied(Object(CWebUser), 'You are not aut...')
#1 D:\xampp\htdocs\yii\framework\web\filters\CFilter.php(38): CAccessControlFilter->preFilter(Object(CFilterChain))
#2 D:\xampp\htdocs\yii\framework\web\CController.php(1145): CFilter->filter(Object(CFilterChain))
#3 D:\xampp\htdocs\yii\framework\web\filters\CInlineFilter.php(58): CController->filterAccessControl(Object(CFilterChain))
#4 D:\xampp\htdocs\yii\framework\web\filters\CFilterChain.php(130): CInlineFilter->filter(Object(CFilterChain))
#5 D:\xampp\htdocs\yii\framework\web\CController.php(291): CFilterChain->run()
#6 D:\xampp\htdocs\yii\framework\web\CController.php(265): CController->runActionWithFilters(Object(CInlineAction), Array)
#7 D:\xampp\htdocs\yii\framework\web\CWebApplication.php(282): CController->run('admin')
#8 D:\xampp\htdocs\yii\framework\web\CWebApplication.php(141): CWebApplication->runController('word/admin')
#9 D:\xampp\htdocs\yii\framework\base\CApplication.php(180): CWebApplication->processRequest()
#10 D:\xampp\htdocs\yii\tword\index.php(13): CApplication->run()
#11 {main}
REQUEST_URI=/yii/tword/index.php?r=word/admin
HTTP_REFERER=http://localhost/yii/tword/index.php?r=word/view&id=1
---
2013/11/25 09:12:05 [error] [exception.CHttpException.403] exception 'CHttpException' with message 'You are not authorized to perform this action.' in D:\xampp\htdocs\yii\framework\web\auth\CAccessControlFilter.php:182
Stack trace:
#0 D:\xampp\htdocs\yii\framework\web\auth\CAccessControlFilter.php(145): CAccessControlFilter->accessDenied(Object(CWebUser), 'You are not aut...')
#1 D:\xampp\htdocs\yii\framework\web\filters\CFilter.php(38): CAccessControlFilter->preFilter(Object(CFilterChain))
#2 D:\xampp\htdocs\yii\framework\web\CController.php(1145): CFilter->filter(Object(CFilterChain))
#3 D:\xampp\htdocs\yii\framework\web\filters\CInlineFilter.php(58): CController->filterAccessControl(Object(CFilterChain))
#4 D:\xampp\htdocs\yii\framework\web\filters\CFilterChain.php(130): CInlineFilter->filter(Object(CFilterChain))
#5 D:\xampp\htdocs\yii\framework\web\CController.php(291): CFilterChain->run()
#6 D:\xampp\htdocs\yii\framework\web\CController.php(265): CController->runActionWithFilters(Object(CInlineAction), Array)
#7 D:\xampp\htdocs\yii\framework\web\CWebApplication.php(282): CController->run('admin')
#8 D:\xampp\htdocs\yii\framework\web\CWebApplication.php(141): CWebApplication->runController('word/admin')
#9 D:\xampp\htdocs\yii\framework\base\CApplication.php(180): CWebApplication->processRequest()
#10 D:\xampp\htdocs\yii\tword\index.php(13): CApplication->run()
#11 {main}
REQUEST_URI=/yii/tword/index.php?r=word/admin
HTTP_REFERER=http://localhost/yii/tword/index.php?r=word/view&id=1
---
2013/11/25 09:44:24 [error] [php] date() expects at least 1 parameter, 0 given (D:\xampp\htdocs\yii\tword\protected\controllers\WordController.php:73)
Stack trace:
#0 D:\xampp\htdocs\yii\framework\web\CController.php(308): CInlineAction->runWithParams()
#1 D:\xampp\htdocs\yii\framework\web\filters\CFilterChain.php(133): WordController->runAction()
#2 D:\xampp\htdocs\yii\framework\web\filters\CFilter.php(40): CFilterChain->run()
#3 D:\xampp\htdocs\yii\framework\web\CController.php(1145): CAccessControlFilter->filter()
#4 D:\xampp\htdocs\yii\framework\web\filters\CInlineFilter.php(58): WordController->filterAccessControl()
#5 D:\xampp\htdocs\yii\framework\web\filters\CFilterChain.php(130): CInlineFilter->filter()
#6 D:\xampp\htdocs\yii\framework\web\CController.php(291): CFilterChain->run()
#7 D:\xampp\htdocs\yii\framework\web\CController.php(265): WordController->runActionWithFilters()
#8 D:\xampp\htdocs\yii\framework\web\CWebApplication.php(282): WordController->run()
#9 D:\xampp\htdocs\yii\framework\web\CWebApplication.php(141): CWebApplication->runController()
#10 D:\xampp\htdocs\yii\framework\base\CApplication.php(180): CWebApplication->processRequest()
#11 D:\xampp\htdocs\yii\tword\index.php(13): CWebApplication->run()
REQUEST_URI=/yii/tword/index.php?r=word/create
in D:\xampp\htdocs\yii\tword\protected\controllers\WordController.php (73)
in D:\xampp\htdocs\yii\tword\index.php (13)
2013/11/25 11:05:46 [error] [php] Array to string conversion (D:\xampp\htdocs\yii\framework\web\helpers\CHtml.php:2019)
Stack trace:
#0 D:\xampp\htdocs\yii\framework\web\CBaseController.php(126): require()
#1 D:\xampp\htdocs\yii\framework\web\CBaseController.php(95): WordController->renderInternal()
#2 D:\xampp\htdocs\yii\framework\web\CController.php(869): WordController->renderFile()
#3 D:\xampp\htdocs\yii\tword\protected\views\word\create.php(15): WordController->renderPartial()
#4 D:\xampp\htdocs\yii\framework\web\CBaseController.php(126): require()
#5 D:\xampp\htdocs\yii\framework\web\CBaseController.php(95): WordController->renderInternal()
#6 D:\xampp\htdocs\yii\framework\web\CController.php(869): WordController->renderFile()
#7 D:\xampp\htdocs\yii\framework\web\CController.php(782): WordController->renderPartial()
#8 D:\xampp\htdocs\yii\tword\protected\controllers\WordController.php(81): WordController->render()
#9 D:\xampp\htdocs\yii\framework\web\actions\CInlineAction.php(49): WordController->actionCreate()
#10 D:\xampp\htdocs\yii\framework\web\CController.php(308): CInlineAction->runWithParams()
#11 D:\xampp\htdocs\yii\framework\web\filters\CFilterChain.php(133): WordController->runAction()
#12 D:\xampp\htdocs\yii\framework\web\filters\CFilter.php(40): CFilterChain->run()
#13 D:\xampp\htdocs\yii\framework\web\CController.php(1145): CAccessControlFilter->filter()
#14 D:\xampp\htdocs\yii\framework\web\filters\CInlineFilter.php(58): WordController->filterAccessControl()
#15 D:\xampp\htdocs\yii\framework\web\filters\CFilterChain.php(130): CInlineFilter->filter()
#16 D:\xampp\htdocs\yii\framework\web\CController.php(291): CFilterChain->run()
#17 D:\xampp\htdocs\yii\framework\web\CController.php(265): WordController->runActionWithFilters()
#18 D:\xampp\htdocs\yii\framework\web\CWebApplication.php(282): WordController->run()
#19 D:\xampp\htdocs\yii\framework\web\CWebApplication.php(141): CWebApplication->runController()
#20 D:\xampp\htdocs\yii\framework\base\CApplication.php(180): CWebApplication->processRequest()
#21 D:\xampp\htdocs\yii\tword\index.php(13): CWebApplication->run()
REQUEST_URI=/yii/tword/index.php?r=word/create
in D:\xampp\htdocs\yii\tword\protected\views\word\_form.php (19)
in D:\xampp\htdocs\yii\tword\protected\views\word\create.php (15)
in D:\xampp\htdocs\yii\tword\protected\controllers\WordController.php (81)
